
2025-06-12 11:30:40 - Request received
Raw input: 
Using POST data
Processing - Order ID: 1130012, Status: Confirmed
Converted status: terbayar
Current order: Array
(
    [id_pesanan] => 1130012
    [status_pesanan] => menunggu
)

Affected rows: 1
Success response: Array
(
    [success] => 1
    [message] => Status updated successfully
    [order_id] => 1130012
    [old_status] => menunggu
    [new_status] => terbayar
    [display_status] => Confirmed
    [affected_rows] => 1
)

2025-06-12 11:33:12 - Request received
Raw input: 
Using POST data
Processing - Order ID: 1130013, Status: Confirmed
Converted status: terbayar
Current order: Array
(
    [id_pesanan] => 1130013
    [status_pesanan] => menunggu
)

Affected rows: 1
Success response: Array
(
    [success] => 1
    [message] => Status updated successfully
    [order_id] => 1130013
    [old_status] => menunggu
    [new_status] => terbayar
    [display_status] => Confirmed
    [affected_rows] => 1
)

2025-06-12 11:38:13 - Request received
Raw input: 
Using POST data
Processing - Order ID: 1130013, Status: Cancelled
Converted status: dibatalkan
Current order: Array
(
    [id_pesanan] => 1130013
    [status_pesanan] => terbayar
)

Affected rows: 1
Success response: Array
(
    [success] => 1
    [message] => Status updated successfully
    [order_id] => 1130013
    [old_status] => terbayar
    [new_status] => dibatalkan
    [display_status] => Cancelled
    [affected_rows] => 1
)
